2023-10-14 14:42:31,069 [trainer.py] => config: ./exps/simplecil.json
2023-10-14 14:42:31,069 [trainer.py] => prefix:  
2023-10-14 14:42:31,069 [trainer.py] => dataset: cifar224
2023-10-14 14:42:31,069 [trainer.py] => name: dd
2023-10-14 14:42:31,069 [trainer.py] => memory_size: 0
2023-10-14 14:42:31,069 [trainer.py] => memory_per_class: 0
2023-10-14 14:42:31,069 [trainer.py] => fixed_memory: False
2023-10-14 14:42:31,069 [trainer.py] => shuffle: True
2023-10-14 14:42:31,070 [trainer.py] => init_cls: 10
2023-10-14 14:42:31,070 [trainer.py] => increment: 10
2023-10-14 14:42:31,070 [trainer.py] => model_name: simplecil
2023-10-14 14:42:31,070 [trainer.py] => convnet_type: pretrained_vit_b16_224_in21k
2023-10-14 14:42:31,070 [trainer.py] => device: [device(type='cuda', index=1)]
2023-10-14 14:42:31,070 [trainer.py] => seed: 1993
2023-10-14 14:42:31,070 [trainer.py] => tuned_epoch: 0
2023-10-14 14:42:31,070 [trainer.py] => init_lr: 0.01
2023-10-14 14:42:31,070 [trainer.py] => batch_size: 256
2023-10-14 14:42:31,070 [trainer.py] => weight_decay: 0.05
2023-10-14 14:42:31,070 [trainer.py] => min_lr: 1e-08
2023-10-14 14:42:31,070 [trainer.py] => optimizer: sgd
2023-10-14 14:42:31,070 [trainer.py] => vpt_type: shallow
2023-10-14 14:42:31,070 [trainer.py] => prompt_token_num: 3
2023-10-14 14:42:32,986 [data_manager.py] => [68, 56, 78, 8, 23, 84, 90, 65, 74, 76, 40, 89, 3, 92, 55, 9, 26, 80, 43, 38, 58, 70, 77, 1, 85, 19, 17, 50, 28, 53, 13, 81, 45, 82, 6, 59, 83, 16, 15, 44, 91, 41, 72, 60, 79, 52, 20, 10, 31, 54, 37, 95, 14, 71, 96, 98, 97, 2, 64, 66, 42, 22, 35, 86, 24, 34, 87, 21, 99, 0, 88, 27, 18, 94, 11, 12, 47, 25, 30, 46, 62, 69, 36, 61, 7, 63, 75, 5, 32, 4, 51, 48, 73, 93, 39, 67, 29, 49, 57, 33]
2023-10-14 14:42:35,354 [trainer.py] => All params: 85798656
2023-10-14 14:42:35,355 [trainer.py] => Trainable params: 85798656
2023-10-14 14:42:38,388 [simplecil.py] => Learning on 0-10
2023-10-14 14:44:03,381 [trainer.py] => config: ./exps/simplecil.json
2023-10-14 14:44:03,381 [trainer.py] => prefix:  
2023-10-14 14:44:03,382 [trainer.py] => dataset: cifar224
2023-10-14 14:44:03,382 [trainer.py] => name: dd
2023-10-14 14:44:03,382 [trainer.py] => memory_size: 0
2023-10-14 14:44:03,382 [trainer.py] => memory_per_class: 0
2023-10-14 14:44:03,382 [trainer.py] => fixed_memory: False
2023-10-14 14:44:03,382 [trainer.py] => shuffle: True
2023-10-14 14:44:03,382 [trainer.py] => init_cls: 10
2023-10-14 14:44:03,382 [trainer.py] => increment: 10
2023-10-14 14:44:03,382 [trainer.py] => model_name: simplecil
2023-10-14 14:44:03,382 [trainer.py] => convnet_type: pretrained_vit_b16_224_in21k
2023-10-14 14:44:03,382 [trainer.py] => device: [device(type='cuda', index=1)]
2023-10-14 14:44:03,382 [trainer.py] => seed: 1993
2023-10-14 14:44:03,382 [trainer.py] => tuned_epoch: 0
2023-10-14 14:44:03,382 [trainer.py] => init_lr: 0.01
2023-10-14 14:44:03,382 [trainer.py] => batch_size: 256
2023-10-14 14:44:03,382 [trainer.py] => weight_decay: 0.05
2023-10-14 14:44:03,382 [trainer.py] => min_lr: 1e-08
2023-10-14 14:44:03,382 [trainer.py] => optimizer: sgd
2023-10-14 14:44:03,382 [trainer.py] => vpt_type: shallow
2023-10-14 14:44:03,383 [trainer.py] => prompt_token_num: 3
2023-10-14 14:44:05,273 [data_manager.py] => [68, 56, 78, 8, 23, 84, 90, 65, 74, 76, 40, 89, 3, 92, 55, 9, 26, 80, 43, 38, 58, 70, 77, 1, 85, 19, 17, 50, 28, 53, 13, 81, 45, 82, 6, 59, 83, 16, 15, 44, 91, 41, 72, 60, 79, 52, 20, 10, 31, 54, 37, 95, 14, 71, 96, 98, 97, 2, 64, 66, 42, 22, 35, 86, 24, 34, 87, 21, 99, 0, 88, 27, 18, 94, 11, 12, 47, 25, 30, 46, 62, 69, 36, 61, 7, 63, 75, 5, 32, 4, 51, 48, 73, 93, 39, 67, 29, 49, 57, 33]
2023-10-14 14:44:07,609 [trainer.py] => All params: 85798656
2023-10-14 14:44:07,609 [trainer.py] => Trainable params: 85798656
2023-10-14 14:44:10,705 [simplecil.py] => Learning on 0-10
2023-10-14 14:45:01,928 [trainer.py] => config: ./exps/simplecil.json
2023-10-14 14:45:01,928 [trainer.py] => prefix:  
2023-10-14 14:45:01,928 [trainer.py] => dataset: cifar224
2023-10-14 14:45:01,928 [trainer.py] => name: dd
2023-10-14 14:45:01,928 [trainer.py] => memory_size: 0
2023-10-14 14:45:01,928 [trainer.py] => memory_per_class: 0
2023-10-14 14:45:01,928 [trainer.py] => fixed_memory: False
2023-10-14 14:45:01,928 [trainer.py] => shuffle: True
2023-10-14 14:45:01,929 [trainer.py] => init_cls: 10
2023-10-14 14:45:01,929 [trainer.py] => increment: 10
2023-10-14 14:45:01,929 [trainer.py] => model_name: simplecil
2023-10-14 14:45:01,929 [trainer.py] => convnet_type: pretrained_vit_b16_224_in21k
2023-10-14 14:45:01,929 [trainer.py] => device: [device(type='cuda', index=1)]
2023-10-14 14:45:01,929 [trainer.py] => seed: 1993
2023-10-14 14:45:01,929 [trainer.py] => tuned_epoch: 0
2023-10-14 14:45:01,929 [trainer.py] => init_lr: 0.01
2023-10-14 14:45:01,929 [trainer.py] => batch_size: 256
2023-10-14 14:45:01,929 [trainer.py] => weight_decay: 0.05
2023-10-14 14:45:01,929 [trainer.py] => min_lr: 1e-08
2023-10-14 14:45:01,929 [trainer.py] => optimizer: sgd
2023-10-14 14:45:01,929 [trainer.py] => vpt_type: shallow
2023-10-14 14:45:01,929 [trainer.py] => prompt_token_num: 3
2023-10-14 14:45:03,823 [data_manager.py] => [68, 56, 78, 8, 23, 84, 90, 65, 74, 76, 40, 89, 3, 92, 55, 9, 26, 80, 43, 38, 58, 70, 77, 1, 85, 19, 17, 50, 28, 53, 13, 81, 45, 82, 6, 59, 83, 16, 15, 44, 91, 41, 72, 60, 79, 52, 20, 10, 31, 54, 37, 95, 14, 71, 96, 98, 97, 2, 64, 66, 42, 22, 35, 86, 24, 34, 87, 21, 99, 0, 88, 27, 18, 94, 11, 12, 47, 25, 30, 46, 62, 69, 36, 61, 7, 63, 75, 5, 32, 4, 51, 48, 73, 93, 39, 67, 29, 49, 57, 33]
2023-10-14 14:45:06,138 [trainer.py] => All params: 85798656
2023-10-14 14:45:06,138 [trainer.py] => Trainable params: 85798656
2023-10-14 14:45:09,159 [simplecil.py] => Learning on 0-10
